<soap:Envelope xmlns:soap="http://schemas.xmlsoap.org/soap/envelope/">
   <soap:Header/>
  <soap:Body>
      <request>
         <!--Optional:-->
         <billNumber>1000011</billNumber>
         <!--Optional:-->
         <billAmount>10</billAmount>
         <!--Optional:-->
         <customerRefNumber>1000011</customerRefNumber>
         <!--Optional:-->
         <bankreference>20170216100000306781</bankreference>
         <!--Optional:-->
         <paymentMode>cash</paymentMode>
         <!--Optional:-->
         <transactionDate>16-02-2017 00:00:00</transactionDate>
         <!--Optional:-->
         <phonenumber>254763555911</phonenumber>
         <!--Optional:-->
         <debitaccount>0170193123947</debitaccount>
         <!--Optional:-->
         <debitcustname>MWANGI gdfff GITHAE@equtu.gmail.com</debitcustname>
         <!--Optional:-->
         <username>Equity</username>
         <!--Optional:-->
         <password>3pn!Ty@zoi9</password>
      </request>
   </soap:Body>
</soap:Envelope>