<soap:Envelope xmlns:soap="http://schemas.xmlsoap.org/soap/envelope/">
   <soap:Header/>
  <soap:Body>
      <request>
         <!--Optional:-->
         <billNumber></billNumber>
         <!--Optional:-->
         <billAmount></billAmount>
         <!--Optional:-->
         <customerRefNumber></customerRefNumber>
         <!--Optional:-->
         <bankreference></bankreference>
         <!--Optional:-->
         <paymentMode>cash</paymentMode>
         <!--Optional:-->
         <transactionDate></transactionDate>
         <!--Optional:-->
         <phonenumber></phonenumber>
         <!--Optional:-->
         <debitaccount></debitaccount>
         <!--Optional:-->
         <debitcustname></debitcustname>
         <!--Optional:-->
         <username>Equity</username>
         <!--Optional:-->
         <password>3pn!Ty@zoi9</password>
      </request>
   </soap:Body>
</soap:Envelope>