<soap:Envelope xmlns:soap="http://schemas.xmlsoap.org/soap/envelope/">
   <soap:Header/>
  <soap:Body>
      <request>
         <!--Optional:-->
         <billNumber>1000011</billNumber>
         <!--Optional:-->
         <billAmount>1000</billAmount>
         <!--Optional:-->
         <customerRefNumber>1000011</customerRefNumber>
         <!--Optional:-->
         <bankreference>20170307100000309182</bankreference>
         <!--Optional:-->
         <paymentMode>cash</paymentMode>
         <!--Optional:-->
         <transactionDate>2017-03-07 00:00:00</transactionDate>
         <!--Optional:-->
         <phonenumber>254763555911</phonenumber>
         <!--Optional:-->
         <debitaccount>0170193123947</debitaccount>
         <!--Optional:-->
         <debitcustname>MWANGI BONAVETURE GITHAE</debitcustname>
         <!--Optional:-->
         <username>Equity</username>
         <!--Optional:-->
         <password>3pn!Ty@zoi9</password>
      </request>
   </soap:Body>
</soap:Envelope><soap:Envelope xmlns:soap="http://schemas.xmlsoap.org/soap/envelope/">
   <soap:Header/>
  <soap:Body>
      <request>
         <!--Optional:-->
         <billNumber>1000011</billNumber>
         <!--Optional:-->
         <billAmount>100</billAmount>
         <!--Optional:-->
         <customerRefNumber>1000011</customerRefNumber>
         <!--Optional:-->
         <bankreference>20170308100000309126</bankreference>
         <!--Optional:-->
         <paymentMode>cash</paymentMode>
         <!--Optional:-->
         <transactionDate>2017-03-08 00:00:00</transactionDate>
         <!--Optional:-->
         <phonenumber>254763555911</phonenumber>
         <!--Optional:-->
         <debitaccount>0170193123947</debitaccount>
         <!--Optional:-->
         <debitcustname>MWANGI BONAVETURE GITHAE</debitcustname>
         <!--Optional:-->
         <username>Equity</username>
         <!--Optional:-->
         <password>3pn!Ty@zoi9</password>
      </request>
   </soap:Body>
</soap:Envelope>