<soap:Envelope xmlns:soap="http://schemas.xmlsoap.org/soap/envelope/">
   <soap:Header/>
  <soap:Body>
      <request>
         <!--Optional:-->
         <billNumber>1028797</billNumber>
         <!--Optional:-->
         <billAmount>1</billAmount>
         <!--Optional:-->
         <customerRefNumber>1028797</customerRefNumber>
         <!--Optional:-->
         <bankreference>20170608100932885619</bankreference>
         <!--Optional:-->
         <paymentMode>cash</paymentMode>
         <!--Optional:-->
         <transactionDate>2017-06-08 00:00:00</transactionDate>
         <!--Optional:-->
         <phonenumber>254763442484</phonenumber>
         <!--Optional:-->
         <debitaccount>0170193271178</debitaccount>
         <!--Optional:-->
         <debitcustname>SAMUEL HARRIS THUKU KAMAU</debitcustname>
         <!--Optional:-->
         <username>Equity</username>
         <!--Optional:-->
         <password>3pn!Ty@zoi9</password>
      </request>
   </soap:Body>
</soap:Envelope>