<soap:Envelope xmlns:soap="http://schemas.xmlsoap.org/soap/envelope/">
   <soap:Header/>
  <soap:Body>
      <request>
         <!--Optional:-->
         <billNumber>1028457</billNumber>
         <!--Optional:-->
         <billAmount>49000</billAmount>
         <!--Optional:-->
         <customerRefNumber>1028457</customerRefNumber>
         <!--Optional:-->
         <bankreference>201706305452288</bankreference>
         <!--Optional:-->
         <paymentMode>cash</paymentMode>
         <!--Optional:-->
         <transactionDate>2017-06-30 00:00:00</transactionDate>
         <!--Optional:-->
         <phonenumber>null</phonenumber>
         <!--Optional:-->
         <debitaccount>null</debitaccount>
         <!--Optional:-->
         <debitcustname>1028457</debitcustname>
         <!--Optional:-->
         <username>Equity</username>
         <!--Optional:-->
         <password>3pn!Ty@zoi9</password>
      </request>
   </soap:Body>
</soap:Envelope>