<soap:Envelope xmlns:soap="http://schemas.xmlsoap.org/soap/envelope/">
   <soap:Header/>
  <soap:Body>
      <request>
         <!--Optional:-->
         <billNumber>BASS/KC/PT/179/14/15</billNumber>
         <!--Optional:-->
         <billAmount>9000</billAmount>
         <!--Optional:-->
         <customerRefNumber>BASS/KC/PT/179/14/15</customerRefNumber>
         <!--Optional:-->
         <bankreference>2017070454150206</bankreference>
         <!--Optional:-->
         <paymentMode>cash</paymentMode>
         <!--Optional:-->
         <transactionDate>2017-07-04 00:00:00</transactionDate>
         <!--Optional:-->
         <phonenumber>null</phonenumber>
         <!--Optional:-->
         <debitaccount>null</debitaccount>
         <!--Optional:-->
         <debitcustname>BASS/KC/PT/179/14/15</debitcustname>
         <!--Optional:-->
         <username>Equity</username>
         <!--Optional:-->
         <password>3pn!Ty@zoi9</password>
      </request>
   </soap:Body>
</soap:Envelope>