<soap:Envelope xmlns:soap="http://schemas.xmlsoap.org/soap/envelope/">
   <soap:Header/>
  <soap:Body>
      <request>
         <!--Optional:-->
         <billNumber>1027948</billNumber>
         <!--Optional:-->
         <billAmount>52000</billAmount>
         <!--Optional:-->
         <customerRefNumber>1027948</customerRefNumber>
         <!--Optional:-->
         <bankreference>201707075496399</bankreference>
         <!--Optional:-->
         <paymentMode>cash</paymentMode>
         <!--Optional:-->
         <transactionDate>2017-07-07 00:00:00</transactionDate>
         <!--Optional:-->
         <phonenumber>null</phonenumber>
         <!--Optional:-->
         <debitaccount>null</debitaccount>
         <!--Optional:-->
         <debitcustname>1027948</debitcustname>
         <!--Optional:-->
         <username>Equity</username>
         <!--Optional:-->
         <password>3pn!Ty@zoi9</password>
      </request>
   </soap:Body>
</soap:Envelope>